<?xml version="1.0" encoding="UTF-8"?>
<testsuite xmlns:xsi="http://www.w3.org/2001/XMLSchema-instance" xsi:noNamespaceSchemaLocation="https://maven.apache.org/surefire/maven-surefire-plugin/xsd/surefire-test-report.xsd" name="samples.AppTest" time="0.492" tests="4" errors="0" skipped="0" failures="0">
  <properties>
[...]
</properties>
  <testcase name="testConversionToHexExceptions" classname="samples.AppTest" time="0.329"/>
  <testcase name="testConversionToHexSuccess" classname="samples.AppTest" time="0"/>
  <testcase name="testConversionToRomanExceptions" classname="samples.AppTest" time="0"/>
  <testcase name="testConversionToRomanSuccess" classname="samples.AppTest" time="0.026"/>
</testsuite>